<?xml version="1.0" encoding="UTF-8"?>
<!-- Generated by org.testng.reporters.JUnitXMLReporter -->
<testsuite ignored="0" hostname="DESKTOP-HBIDNJF" failures="1" tests="8" name="Test" time="4.166" errors="0" timestamp="2025-09-13T20:42:32 IST">
  <testcase classname="APITest.DefaultTest" name="testGetHealth" time="0.104"/>
  <testcase classname="APITest.DefaultTest" name="testSignTokengen" time="0.314"/>
  <testcase classname="APITest.DefaultTest" name="testSignUp" time="0.031">
    <failure type="java.lang.AssertionError" message="SignUp failed! expected [200] but found [400]">
      <![CDATA[java.lang.AssertionError: SignUp failed! expected [200] but found [400]
at APITest.DefaultTest.testSignUp(DefaultTest.java:38)
at java.base/java.util.ArrayList.forEach(ArrayList.java:1596)
... Removed 31 stack frames]]>
    </failure>
  </testcase> <!-- testSignUp -->
  <testcase classname="APITest.BookTest" name="testCreateBook" time="0.058"/>
  <testcase classname="APITest.BookTest" name="testGetAllBooks" time="0.021"/>
  <testcase classname="APITest.BookTest" name="testGetBook" time="0.03"/>
  <testcase classname="APITest.BookTest" name="testUpdateBook" time="0.031"/>
  <testcase classname="APITest.BookTest" name="testDeleteBook" time="0.03"/>
</testsuite> <!-- Test -->
