<?xml version="1.0" encoding="UTF-8"?>
<!-- Generated by org.testng.reporters.JUnitXMLReporter -->
<testsuite ignored="0" hostname="DESKTOP-HBIDNJF" failures="2" tests="5" name="Test" time="4.613" errors="0" timestamp="2025-09-13T19:19:17 IST">
  <testcase classname="APITest.BookTest" name="testCreateBook" time="0.312"/>
  <testcase classname="APITest.BookTest" name="testGetAllBooks" time="0.039"/>
  <testcase classname="APITest.BookTest" name="testGetBook" time="0.041"/>
  <testcase classname="APITest.BookTest" name="testUpdateBook" time="0.037">
    <failure type="java.lang.AssertionError" message="Book update failed! expected [200] but found [404]">
      <![CDATA[java.lang.AssertionError: Book update failed! expected [200] but found [404]
at APITest.BookTest.testUpdateBook(BookTest.java:74)
at java.base/java.util.ArrayList.forEach(ArrayList.java:1596)
... Removed 31 stack frames]]>
    </failure>
  </testcase> <!-- testUpdateBook -->
  <testcase classname="APITest.BookTest" name="testDeleteBook" time="0.039">
    <failure type="java.lang.AssertionError" message="Book delete failed! expected [200] but found [404]">
      <![CDATA[java.lang.AssertionError: Book delete failed! expected [200] but found [404]
at APITest.BookTest.testDeleteBook(BookTest.java:90)
at java.base/java.util.ArrayList.forEach(ArrayList.java:1596)
... Removed 31 stack frames]]>
    </failure>
  </testcase> <!-- testDeleteBook -->
</testsuite> <!-- Test -->
