<?xml version="1.0" encoding="UTF-8"?>
<!-- Generated by org.testng.reporters.JUnitXMLReporter -->
<testsuite ignored="0" hostname="DESKTOP-HBIDNJF" failures="0" tests="5" name="Default test" time="3.573" errors="0" timestamp="2025-09-13T20:41:27 IST">
  <testcase classname="APITest.BookTest" name="testCreateBook" time="0.114"/>
  <testcase classname="APITest.BookTest" name="testGetAllBooks" time="0.058"/>
  <testcase classname="APITest.BookTest" name="testGetBook" time="0.049"/>
  <testcase classname="APITest.BookTest" name="testUpdateBook" time="0.035"/>
  <testcase classname="APITest.BookTest" name="testDeleteBook" time="0.03"/>
</testsuite> <!-- Default test -->
